# JRE version: OpenJDK Runtime Environment Temurin-21.0.11+10 (21.0.11+10) (build 21.0.11+10-LTS)
# Java VM: OpenJDK 64-Bit Server VM Temurin-21.0.11+10 (21.0.11+10-LTS, mixed mode, sharing, tiered, compressed oops, compressed class ptrs, parallel gc, windows-amd64)
GC Precious Log:
 CardTable entry size: 512
 CPUs: 12 total, 12 available
 Memory: 7860M
 Large Page Support: Disabled
 NUMA Support: Disabled
 Compressed Oops: Enabled (32-bit)
 Alignments: Space 512K, Generation 512K, Heap 2M
 Heap Min Capacity: 100M
 Heap Initial Capacity: 100M
 Heap Max Capacity: 2G
 Pre-touch: Disabled
 Parallel Workers: 10
Heap:
 PSYoungGen      total 23040K, used 18600K [0x00000000d5580000, 0x00000000d6f00000, 0x0000000100000000)
  eden space 22016K, 79% used [0x00000000d5580000,0x00000000d66aa048,0x00000000d6b00000)
  from space 1024K, 100% used [0x00000000d6d00000,0x00000000d6e00000,0x00000000d6e00000)
  to   space 1024K, 0% used [0x00000000d6e00000,0x00000000d6e00000,0x00000000d6f00000)
 ParOldGen       total 68608K, used 20694K [0x0000000080000000, 0x0000000084300000, 0x00000000d5580000)
  object space 68608K, 30% used [0x0000000080000000,0x0000000081435aa8,0x0000000084300000)
 Metaspace       used 43109K, committed 44224K, reserved 1114112K
  class space    used 4735K, committed 5184K, reserved 1048576K
GC Heap History (20 events):
Event: 3.922 GC heap before
{Heap before GC invocations=10 (full 1):
 PSYoungGen      total 25088K, used 24835K [0x00000000d5580000, 0x00000000d7400000, 0x0000000100000000)
  eden space 24064K, 100% used [0x00000000d5580000,0x00000000d6d00000,0x00000000d6d00000)
  from space 1024K, 75% used [0x00000000d7300000,0x00000000d73c0d18,0x00000000d7400000)
  to   space 2560K, 0% used [0x00000000d6f00000,0x00000000d6f00000,0x00000000d7180000)
 ParOldGen       total 68608K, used 13127K [0x0000000080000000, 0x0000000084300000, 0x00000000d5580000)
  object space 68608K, 19% used [0x0000000080000000,0x0000000080cd1c38,0x0000000084300000)
 Metaspace       used 26427K, committed 27264K, reserved 1114112K
  class space    used 2621K, committed 2944K, reserved 1048576K
}
Event: 3.923 GC heap after
{Heap after GC invocations=10 (full 1):
 PSYoungGen      total 26112K, used 2551K [0x00000000d5580000, 0x00000000d7380000, 0x0000000100000000)
  eden space 23552K, 0% used [0x00000000d5580000,0x00000000d5580000,0x00000000d6c80000)
  from space 2560K, 99% used [0x00000000d6f00000,0x00000000d717df40,0x00000000d7180000)
  to   space 2048K, 0% used [0x00000000d7180000,0x00000000d7180000,0x00000000d7380000)
 ParOldGen       total 68608K, used 13143K [0x0000000080000000, 0x0000000084300000, 0x00000000d5580000)
  object space 68608K, 19% used [0x0000000080000000,0x0000000080cd5c38,0x0000000084300000)
 Metaspace       used 26427K, committed 27264K, reserved 1114112K
  class space    used 2621K, committed 2944K, reserved 1048576K
}
Event: 4.046 GC heap before
{Heap before GC invocations=11 (full 1):
 PSYoungGen      total 26112K, used 26103K [0x00000000d5580000, 0x00000000d7380000, 0x0000000100000000)
  eden space 23552K, 100% used [0x00000000d5580000,0x00000000d6c80000,0x00000000d6c80000)
  from space 2560K, 99% used [0x00000000d6f00000,0x00000000d717df40,0x00000000d7180000)
  to   space 2048K, 0% used [0x00000000d7180000,0x00000000d7180000,0x00000000d7380000)
 ParOldGen       total 68608K, used 13143K [0x0000000080000000, 0x0000000084300000, 0x00000000d5580000)
  object space 68608K, 19% used [0x0000000080000000,0x0000000080cd5c38,0x0000000084300000)
 Metaspace       used 28327K, committed 29184K, reserved 1114112K
  class space    used 2787K, committed 3136K, reserved 1048576K
}
Event: 4.048 GC heap after
{Heap after GC invocations=11 (full 1):
 PSYoungGen      total 25088K, used 2016K [0x00000000d5580000, 0x00000000d7380000, 0x0000000100000000)
  eden space 23040K, 0% used [0x00000000d5580000,0x00000000d5580000,0x00000000d6c00000)
  from space 2048K, 98% used [0x00000000d7180000,0x00000000d73780f0,0x00000000d7380000)
  to   space 3584K, 0% used [0x00000000d6c80000,0x00000000d6c80000,0x00000000d7000000)
 ParOldGen       total 68608K, used 14491K [0x0000000080000000, 0x0000000084300000, 0x00000000d5580000)
  object space 68608K, 21% used [0x0000000080000000,0x0000000080e26da8,0x0000000084300000)
 Metaspace       used 28327K, committed 29184K, reserved 1114112K
  class space    used 2787K, committed 3136K, reserved 1048576K
}
Event: 4.208 GC heap before
{Heap before GC invocations=12 (full 1):
 PSYoungGen      total 25088K, used 25055K [0x00000000d5580000, 0x00000000d7380000, 0x0000000100000000)
  eden space 23040K, 99% used [0x00000000d5580000,0x00000000d6bffd90,0x00000000d6c00000)
  from space 2048K, 98% used [0x00000000d7180000,0x00000000d73780f0,0x00000000d7380000)
  to   space 3584K, 0% used [0x00000000d6c80000,0x00000000d6c80000,0x00000000d7000000)
 ParOldGen       total 68608K, used 14491K [0x0000000080000000, 0x0000000084300000, 0x00000000d5580000)
  object space 68608K, 21% used [0x0000000080000000,0x0000000080e26da8,0x0000000084300000)
 Metaspace       used 31515K, committed 32512K, reserved 1114112K
  class space    used 3171K, committed 3584K, reserved 1048576K
}
Event: 4.211 GC heap after
{Heap after GC invocations=12 (full 1):
 PSYoungGen      total 24576K, used 1779K [0x00000000d5580000, 0x00000000d7200000, 0x0000000100000000)
  eden space 22528K, 0% used [0x00000000d5580000,0x00000000d5580000,0x00000000d6b80000)
  from space 2048K, 86% used [0x00000000d6c80000,0x00000000d6e3cff0,0x00000000d6e80000)
  to   space 2560K, 0% used [0x00000000d6f80000,0x00000000d6f80000,0x00000000d7200000)
 ParOldGen       total 68608K, used 16517K [0x0000000080000000, 0x0000000084300000, 0x00000000d5580000)
  object space 68608K, 24% used [0x0000000080000000,0x0000000081021440,0x0000000084300000)
 Metaspace       used 31515K, committed 32512K, reserved 1114112K
  class space    used 3171K, committed 3584K, reserved 1048576K
}
Event: 4.359 GC heap before
{Heap before GC invocations=13 (full 1):
 PSYoungGen      total 24576K, used 24300K [0x00000000d5580000, 0x00000000d7200000, 0x0000000100000000)
  eden space 22528K, 99% used [0x00000000d5580000,0x00000000d6b7e040,0x00000000d6b80000)
  from space 2048K, 86% used [0x00000000d6c80000,0x00000000d6e3cff0,0x00000000d6e80000)
  to   space 2560K, 0% used [0x00000000d6f80000,0x00000000d6f80000,0x00000000d7200000)
 ParOldGen       total 68608K, used 16517K [0x0000000080000000, 0x0000000084300000, 0x00000000d5580000)
  object space 68608K, 24% used [0x0000000080000000,0x0000000081021440,0x0000000084300000)
 Metaspace       used 34190K, committed 35264K, reserved 1114112K
  class space    used 3539K, committed 4032K, reserved 1048576K
}
Event: 4.361 GC heap after
{Heap after GC invocations=13 (full 1):
 PSYoungGen      total 24576K, used 2288K [0x00000000d5580000, 0x00000000d7200000, 0x0000000100000000)
  eden space 22016K, 0% used [0x00000000d5580000,0x00000000d5580000,0x00000000d6b00000)
  from space 2560K, 89% used [0x00000000d6f80000,0x00000000d71bc010,0x00000000d7200000)
  to   space 2560K, 0% used [0x00000000d6d00000,0x00000000d6d00000,0x00000000d6f80000)
 ParOldGen       total 68608K, used 17736K [0x0000000080000000, 0x0000000084300000, 0x00000000d5580000)
  object space 68608K, 25% used [0x0000000080000000,0x0000000081152020,0x0000000084300000)
 Metaspace       used 34190K, committed 35264K, reserved 1114112K
  class space    used 3539K, committed 4032K, reserved 1048576K
}
Event: 4.384 GC heap before
{Heap before GC invocations=14 (full 1):
 PSYoungGen      total 24576K, used 6895K [0x00000000d5580000, 0x00000000d7200000, 0x0000000100000000)
  eden space 22016K, 20% used [0x00000000d5580000,0x00000000d59fffc0,0x00000000d6b00000)
  from space 2560K, 89% used [0x00000000d6f80000,0x00000000d71bc010,0x00000000d7200000)
  to   space 2560K, 0% used [0x00000000d6d00000,0x00000000d6d00000,0x00000000d6f80000)
 ParOldGen       total 68608K, used 17736K [0x0000000080000000, 0x0000000084300000, 0x00000000d5580000)
  object space 68608K, 25% used [0x0000000080000000,0x0000000081152020,0x0000000084300000)
 Metaspace       used 34779K, committed 35904K, reserved 1114112K
  class space    used 3616K, committed 4096K, reserved 1048576K
}
Event: 4.386 GC heap after
{Heap after GC invocations=14 (full 1):
 PSYoungGen      total 22528K, used 508K [0x00000000d5580000, 0x00000000d7000000, 0x0000000100000000)
  eden space 22016K, 0% used [0x00000000d5580000,0x00000000d5580000,0x00000000d6b00000)
  from space 512K, 99% used [0x00000000d6d00000,0x00000000d6d7f208,0x00000000d6d80000)
  to   space 1536K, 0% used [0x00000000d6e80000,0x00000000d6e80000,0x00000000d7000000)
 ParOldGen       total 68608K, used 19766K [0x0000000080000000, 0x0000000084300000, 0x00000000d5580000)
  object space 68608K, 28% used [0x0000000080000000,0x000000008134d940,0x0000000084300000)
 Metaspace       used 34779K, committed 35904K, reserved 1114112K
  class space    used 3616K, committed 4096K, reserved 1048576K
}
Event: 4.403 GC heap before
{Heap before GC invocations=15 (full 1):
 PSYoungGen      total 22528K, used 3663K [0x00000000d5580000, 0x00000000d7000000, 0x0000000100000000)
  eden space 22016K, 14% used [0x00000000d5580000,0x00000000d5894ca8,0x00000000d6b00000)
  from space 512K, 99% used [0x00000000d6d00000,0x00000000d6d7f208,0x00000000d6d80000)
  to   space 1536K, 0% used [0x00000000d6e80000,0x00000000d6e80000,0x00000000d7000000)
 ParOldGen       total 68608K, used 19766K [0x0000000080000000, 0x0000000084300000, 0x00000000d5580000)
  object space 68608K, 28% used [0x0000000080000000,0x000000008134d940,0x0000000084300000)
 Metaspace       used 35152K, committed 36160K, reserved 1114112K
  class space    used 3668K, committed 4096K, reserved 1048576K
}
Event: 4.404 GC heap after
{Heap after GC invocations=15 (full 1):
 PSYoungGen      total 22528K, used 352K [0x00000000d5580000, 0x00000000d6f00000, 0x0000000100000000)
  eden space 22016K, 0% used [0x00000000d5580000,0x00000000d5580000,0x00000000d6b00000)
  from space 512K, 68% used [0x00000000d6e80000,0x00000000d6ed8000,0x00000000d6f00000)
  to   space 1024K, 0% used [0x00000000d6d00000,0x00000000d6d00000,0x00000000d6e00000)
 ParOldGen       total 68608K, used 20014K [0x0000000080000000, 0x0000000084300000, 0x00000000d5580000)
  object space 68608K, 29% used [0x0000000080000000,0x000000008138b940,0x0000000084300000)
 Metaspace       used 35152K, committed 36160K, reserved 1114112K
  class space    used 3668K, committed 4096K, reserved 1048576K
}
Event: 4.404 GC heap before
{Heap before GC invocations=16 (full 2):
 PSYoungGen      total 22528K, used 352K [0x00000000d5580000, 0x00000000d6f00000, 0x0000000100000000)
  eden space 22016K, 0% used [0x00000000d5580000,0x00000000d5580000,0x00000000d6b00000)
  from space 512K, 68% used [0x00000000d6e80000,0x00000000d6ed8000,0x00000000d6f00000)
  to   space 1024K, 0% used [0x00000000d6d00000,0x00000000d6d00000,0x00000000d6e00000)
 ParOldGen       total 68608K, used 20014K [0x0000000080000000, 0x0000000084300000, 0x00000000d5580000)
  object space 68608K, 29% used [0x0000000080000000,0x000000008138b940,0x0000000084300000)
 Metaspace       used 35152K, committed 36160K, reserved 1114112K
  class space    used 3668K, committed 4096K, reserved 1048576K
}
Event: 4.426 GC heap after
{Heap after GC invocations=16 (full 2):
 PSYoungGen      total 22528K, used 0K [0x00000000d5580000, 0x00000000d6f00000, 0x0000000100000000)
  eden space 22016K, 0% used [0x00000000d5580000,0x00000000d5580000,0x00000000d6b00000)
  from space 512K, 0% used [0x00000000d6e80000,0x00000000d6e80000,0x00000000d6f00000)
  to   space 1024K, 0% used [0x00000000d6d00000,0x00000000d6d00000,0x00000000d6e00000)
 ParOldGen       total 68608K, used 19181K [0x0000000080000000, 0x0000000084300000, 0x00000000d5580000)
  object space 68608K, 27% used [0x0000000080000000,0x00000000812bb620,0x0000000084300000)
 Metaspace       used 35152K, committed 36160K, reserved 1114112K
  class space    used 3668K, committed 4096K, reserved 1048576K
}
Event: 4.588 GC heap before
{Heap before GC invocations=17 (full 2):
 PSYoungGen      total 22528K, used 22016K [0x00000000d5580000, 0x00000000d6f00000, 0x0000000100000000)
  eden space 22016K, 100% used [0x00000000d5580000,0x00000000d6b00000,0x00000000d6b00000)
  from space 512K, 0% used [0x00000000d6e80000,0x00000000d6e80000,0x00000000d6f00000)
  to   space 1024K, 0% used [0x00000000d6d00000,0x00000000d6d00000,0x00000000d6e00000)
 ParOldGen       total 68608K, used 19181K [0x0000000080000000, 0x0000000084300000, 0x00000000d5580000)
  object space 68608K, 27% used [0x0000000080000000,0x00000000812bb620,0x0000000084300000)
 Metaspace       used 36822K, committed 37888K, reserved 1114112K
  class space    used 3896K, committed 4352K, reserved 1048576K
}
Event: 4.589 GC heap after
{Heap after GC invocations=17 (full 2):
 PSYoungGen      total 23040K, used 1024K [0x00000000d5580000, 0x00000000d6f00000, 0x0000000100000000)
  eden space 22016K, 0% used [0x00000000d5580000,0x00000000d5580000,0x00000000d6b00000)
  from space 1024K, 100% used [0x00000000d6d00000,0x00000000d6e00000,0x00000000d6e00000)
  to   space 1024K, 0% used [0x00000000d6e00000,0x00000000d6e00000,0x00000000d6f00000)
 ParOldGen       total 68608K, used 19230K [0x0000000080000000, 0x0000000084300000, 0x00000000d5580000)
  object space 68608K, 28% used [0x0000000080000000,0x00000000812c7aa8,0x0000000084300000)
 Metaspace       used 36822K, committed 37888K, reserved 1114112K
  class space    used 3896K, committed 4352K, reserved 1048576K
}
Event: 4.813 GC heap before
{Heap before GC invocations=18 (full 2):
 PSYoungGen      total 23040K, used 23040K [0x00000000d5580000, 0x00000000d6f00000, 0x0000000100000000)
  eden space 22016K, 100% used [0x00000000d5580000,0x00000000d6b00000,0x00000000d6b00000)
  from space 1024K, 100% used [0x00000000d6d00000,0x00000000d6e00000,0x00000000d6e00000)
  to   space 1024K, 0% used [0x00000000d6e00000,0x00000000d6e00000,0x00000000d6f00000)
 ParOldGen       total 68608K, used 19230K [0x0000000080000000, 0x0000000084300000, 0x00000000d5580000)
  object space 68608K, 28% used [0x0000000080000000,0x00000000812c7aa8,0x0000000084300000)
 Metaspace       used 38667K, committed 39808K, reserved 1114112K
  class space    used 4147K, committed 4608K, reserved 1048576K
}
Event: 4.815 GC heap after
{Heap after GC invocations=18 (full 2):
 PSYoungGen      total 23040K, used 704K [0x00000000d5580000, 0x00000000d6f00000, 0x0000000100000000)
  eden space 22016K, 0% used [0x00000000d5580000,0x00000000d5580000,0x00000000d6b00000)
  from space 1024K, 68% used [0x00000000d6e00000,0x00000000d6eb0000,0x00000000d6f00000)
  to   space 1024K, 0% used [0x00000000d6d00000,0x00000000d6d00000,0x00000000d6e00000)
 ParOldGen       total 68608K, used 20158K [0x0000000080000000, 0x0000000084300000, 0x00000000d5580000)
  object space 68608K, 29% used [0x0000000080000000,0x00000000813afaa8,0x0000000084300000)
 Metaspace       used 38667K, committed 39808K, reserved 1114112K
  class space    used 4147K, committed 4608K, reserved 1048576K
}
Event: 5.092 GC heap before
{Heap before GC invocations=19 (full 2):
 PSYoungGen      total 23040K, used 22720K [0x00000000d5580000, 0x00000000d6f00000, 0x0000000100000000)
  eden space 22016K, 100% used [0x00000000d5580000,0x00000000d6b00000,0x00000000d6b00000)
  from space 1024K, 68% used [0x00000000d6e00000,0x00000000d6eb0000,0x00000000d6f00000)
  to   space 1024K, 0% used [0x00000000d6d00000,0x00000000d6d00000,0x00000000d6e00000)
 ParOldGen       total 68608K, used 20158K [0x0000000080000000, 0x0000000084300000, 0x00000000d5580000)
  object space 68608K, 29% used [0x0000000080000000,0x00000000813afaa8,0x0000000084300000)
 Metaspace       used 41125K, committed 42304K, reserved 1114112K
  class space    used 4457K, committed 4928K, reserved 1048576K
}
Event: 5.093 GC heap after
{Heap after GC invocations=19 (full 2):
 PSYoungGen      total 23040K, used 1024K [0x00000000d5580000, 0x00000000d6f00000, 0x0000000100000000)
  eden space 22016K, 0% used [0x00000000d5580000,0x00000000d5580000,0x00000000d6b00000)
  from space 1024K, 100% used [0x00000000d6d00000,0x00000000d6e00000,0x00000000d6e00000)
  to   space 1024K, 0% used [0x00000000d6e00000,0x00000000d6e00000,0x00000000d6f00000)
 ParOldGen       total 68608K, used 20694K [0x0000000080000000, 0x0000000084300000, 0x00000000d5580000)
  object space 68608K, 30% used [0x0000000080000000,0x0000000081435aa8,0x0000000084300000)
 Metaspace       used 41125K, committed 42304K, reserved 1114112K
  class space    used 4457K, committed 4928K, reserved 1048576K
}

